C51 COMPILER V9.60.0.0   MAIN                                                              11/16/2019 23:18:57 PAGE 1   


C51 COMPILER V9.60.0.0, COMPILATION OF MODULE MAIN
OBJECT MODULE PLACED IN .\Objects\main.obj
COMPILER INVOKED BY: C:\Keil_v5\C51\BIN\C51.EXE main.c OPTIMIZE(8,SPEED) BROWSE DEBUG OBJECTEXTEND PRINT(.\Listings\main
                    -.lst) TABS(2) OBJECT(.\Objects\main.obj)

line level    source

   1          #include <reg51.h>
   2          #include "io.h"
   3          #include "processVars.h"
   4          #include "processFunctions.h"
   5          #include "process1.h"
   6          #include "process2.h"
   7          
   8          void main(void)
   9          {
  10   1        init();
  11   1        initIOs();
  12   1        
  13   1        while (1)
  14   1        {
  15   2      
  16   2          cycleStart();
  17   2          
  18   2          if (safetyOK == true)
  19   2          {
  20   3            if (startButton == true)
  21   3            {
  22   4              runLight();
  23   4              process1(&procHandshake);
  24   4              process2(&procHandshake);
  25   4      
  26   4            }
  27   3            else
  28   3            {
  29   4              noLight();
  30   4              stopConveyors();
  31   4              stopElevators();
  32   4              stopPalletizer();
  33   4            } 
  34   3          }
  35   2          else
  36   2          {
  37   3            stopConveyors();
  38   3            stopElevators();
  39   3            stopPalletizer();
  40   3            errorLight();
  41   3          }
  42   2      
  43   2          
  44   2          waitEndCycle();
  45   2          
  46   2        }
  47   1      }
  48          
  49          
*** WARNING C230 IN LINE 49 OF main.c: 'stSotPayloadIn': uses undefined struct/union tag 'ST_SotPayload'
*** WARNING C230 IN LINE 49 OF main.c: 'stSotPayloadOut': uses undefined struct/union tag 'ST_SotPayload'
*** WARNING C230 IN LINE 49 OF main.c: 'stEmptyPayload': uses undefined struct/union tag 'ST_SotPayload'


C51 COMPILER V9.60.0.0   MAIN                                                              11/16/2019 23:18:57 PAGE 2   

MODULE INFORMATION:   STATIC OVERLAYABLE
   CODE SIZE        =     69    ----
   CONSTANT SIZE    =   ----    ----
   XDATA SIZE       =   ----    ----
   PDATA SIZE       =   ----    ----
   DATA SIZE        =   ----    ----
   IDATA SIZE       =   ----    ----
   BIT SIZE         =   ----    ----
END OF MODULE INFORMATION.


C51 COMPILATION COMPLETE.  3 WARNING(S),  0 ERROR(S)
