C51 COMPILER V9.60.0.0   PROCESSVARS                                                       11/16/2019 23:18:58 PAGE 1   


C51 COMPILER V9.60.0.0, COMPILATION OF MODULE PROCESSVARS
OBJECT MODULE PLACED IN .\Objects\processVars.obj
COMPILER INVOKED BY: C:\Keil_v5\C51\BIN\C51.EXE processVars.c OPTIMIZE(8,SPEED) BROWSE DEBUG OBJECTEXTEND PRINT(.\Listin
                    -gs\processVars.lst) TABS(2) OBJECT(.\Objects\processVars.obj)

line level    source

   1          #include "system.h"
   2          
   3          uint step1;
   4          uint step2;
   5          uchar procHandshake;
   6          uchar packageCounter = 0;
   7          uchar retVal;
   8          bit secondRound;
   9          uchar MAX_COUNTER = 2;
  10          uint palletizerTimer = 0;
*** WARNING C230 IN LINE 10 OF processVars.c: 'stSotPayloadIn': uses undefined struct/union tag 'ST_SotPayload'
*** WARNING C230 IN LINE 10 OF processVars.c: 'stSotPayloadOut': uses undefined struct/union tag 'ST_SotPayload'
*** WARNING C230 IN LINE 10 OF processVars.c: 'stEmptyPayload': uses undefined struct/union tag 'ST_SotPayload'


MODULE INFORMATION:   STATIC OVERLAYABLE
   CODE SIZE        =   ----    ----
   CONSTANT SIZE    =   ----    ----
   XDATA SIZE       =   ----    ----
   PDATA SIZE       =   ----    ----
   DATA SIZE        =     10    ----
   IDATA SIZE       =   ----    ----
   BIT SIZE         =      1    ----
END OF MODULE INFORMATION.


C51 COMPILATION COMPLETE.  3 WARNING(S),  0 ERROR(S)
