C51 COMPILER V9.60.0.0   PROCESS1                                                          11/16/2019 23:18:58 PAGE 1   


C51 COMPILER V9.60.0.0, COMPILATION OF MODULE PROCESS1
OBJECT MODULE PLACED IN .\Objects\process1.obj
COMPILER INVOKED BY: C:\Keil_v5\C51\BIN\C51.EXE process1.c OPTIMIZE(8,SPEED) BROWSE DEBUG OBJECTEXTEND PRINT(.\Listings\
                    -process1.lst) TABS(2) OBJECT(.\Objects\process1.obj)

line level    source

   1          #include "processVars.h"
   2          #include "io.h"
   3          #include "utilities.h"
   4          
   5          void process1(uchar* procHandshake)
   6          {
   7   1        switch (step1)
   8   1        {
   9   2          case 0:
  10   2      
  11   2            startConveyors = true;
  12   2      
  13   2            step1 = 10;
  14   2      
  15   2            break;
  16   2      
  17   2          case 10:
  18   2      
  19   2            if(fTrig(packageDetected))
  20   2            { 
  21   3              packageCounter++;
  22   3              palletizerConvForw = true;
  23   3            }
  24   2      
  25   2            if (packageCounter > MAX_COUNTER)
  26   2            {
  27   3              packageCounter = 0;   
  28   3      
  29   3              step1 = 20;
  30   3            }
  31   2      
  32   2            break;
  33   2      
  34   2          case 20:
  35   2        
  36   2            retVal = delay(4000, &palletizerTimer);
  37   2            if (retVal == 1)
  38   2            {
  39   3              retVal = 0;
  40   3              palletizerTimer = 0;
  41   3              startConveyors = false;
  42   3      
  43   3              step1 = 30;
  44   3            }
  45   2      
  46   2            break;
  47   2      
  48   2          case 30:
  49   2      
  50   2            retVal = delay(1000, &palletizerTimer);
  51   2            if (retVal == 1)
  52   2            {
  53   3              retVal = 0;
  54   3              palletizerTimer = 0;
C51 COMPILER V9.60.0.0   PROCESS1                                                          11/16/2019 23:18:58 PAGE 2   

  55   3              palletizerPush = true;
  56   3      
  57   3              step1 = 40;
  58   3            }
  59   2      
  60   2            break;
  61   2      
  62   2          case 40:
  63   2      
  64   2            retVal = delay(1500, &palletizerTimer);
  65   2            if (retVal == 1)
  66   2            {
  67   3              retVal = 0;
  68   3              palletizerTimer = 0;
  69   3              palletizerPush = false;
  70   3      
  71   3              step1 = 50;
  72   3            }
  73   2      
  74   2            break;
  75   2      
  76   2          case 50:
  77   2      
  78   2            if(secondRound == true)
  79   2            {
  80   3              secondRound = false;
  81   3              step1 = 60;
  82   3              
  83   3            }
  84   2            else
  85   2            {
  86   3              secondRound = true;
  87   3              step1 = 0;
  88   3            }
  89   2      
  90   2            break;
  91   2          
  92   2          case 60:
  93   2      
  94   2            break;
  95   2        };
  96   1      }
*** WARNING C280 IN LINE 5 OF process1.c: 'procHandshake': unreferenced local variable
*** WARNING C230 IN LINE 96 OF process1.c: 'stSotPayloadIn': uses undefined struct/union tag 'ST_SotPayload'
*** WARNING C230 IN LINE 96 OF process1.c: 'stSotPayloadOut': uses undefined struct/union tag 'ST_SotPayload'
*** WARNING C230 IN LINE 96 OF process1.c: 'stEmptyPayload': uses undefined struct/union tag 'ST_SotPayload'


MODULE INFORMATION:   STATIC OVERLAYABLE
   CODE SIZE        =    208    ----
   CONSTANT SIZE    =   ----    ----
   XDATA SIZE       =   ----    ----
   PDATA SIZE       =   ----    ----
   DATA SIZE        =   ----       3
   IDATA SIZE       =   ----    ----
   BIT SIZE         =   ----    ----
END OF MODULE INFORMATION.


C51 COMPILATION COMPLETE.  4 WARNING(S),  0 ERROR(S)
