C51 COMPILER V9.60.0.0   PROCESS2                                                          11/16/2019 23:18:58 PAGE 1   


C51 COMPILER V9.60.0.0, COMPILATION OF MODULE PROCESS2
OBJECT MODULE PLACED IN .\Objects\process2.obj
COMPILER INVOKED BY: C:\Keil_v5\C51\BIN\C51.EXE process2.c OPTIMIZE(8,SPEED) BROWSE DEBUG OBJECTEXTEND PRINT(.\Listings\
                    -process2.lst) TABS(2) OBJECT(.\Objects\process2.obj)

line level    source

   1          #include "processVars.h"
   2          #include "io.h"
   3          
   4          void process2(uchar* procHandshake)
   5          {
   6   1        switch (step2)
   7   1        {
   8   2          case 0: 
   9   2            
  10   2            
  11   2            break;
  12   2          case 10: 
  13   2            break;
  14   2          case 20: 
  15   2            break;
  16   2          case 30: 
  17   2            break;
  18   2          case 40: 
  19   2            break;
  20   2        };
  21   1      }
*** WARNING C280 IN LINE 4 OF process2.c: 'procHandshake': unreferenced local variable
*** WARNING C230 IN LINE 21 OF process2.c: 'stSotPayloadIn': uses undefined struct/union tag 'ST_SotPayload'
*** WARNING C230 IN LINE 21 OF process2.c: 'stSotPayloadOut': uses undefined struct/union tag 'ST_SotPayload'
*** WARNING C230 IN LINE 21 OF process2.c: 'stEmptyPayload': uses undefined struct/union tag 'ST_SotPayload'


MODULE INFORMATION:   STATIC OVERLAYABLE
   CODE SIZE        =      7    ----
   CONSTANT SIZE    =   ----    ----
   XDATA SIZE       =   ----    ----
   PDATA SIZE       =   ----    ----
   DATA SIZE        =   ----       3
   IDATA SIZE       =   ----    ----
   BIT SIZE         =   ----    ----
END OF MODULE INFORMATION.


C51 COMPILATION COMPLETE.  4 WARNING(S),  0 ERROR(S)
