C51 COMPILER V9.60.0.0   UTILITIES                                                         11/16/2019 23:18:58 PAGE 1   


C51 COMPILER V9.60.0.0, COMPILATION OF MODULE UTILITIES
OBJECT MODULE PLACED IN .\Objects\utilities.obj
COMPILER INVOKED BY: C:\Keil_v5\C51\BIN\C51.EXE utilities.c OPTIMIZE(8,SPEED) BROWSE DEBUG OBJECTEXTEND PRINT(.\Listings
                    -\utilities.lst) TABS(2) OBJECT(.\Objects\utilities.obj)

line level    source

   1          #include "system.h"
   2          
   3          bit fTrig(bit target)
   4          {
   5   1          static bit mem;
   6   1          if(target == false && mem == false)
   7   1          {
   8   2            mem = true;
   9   2            return true;
  10   2          }
  11   1          else if(target == false && mem == true)
  12   1          {
  13   2            return false;
  14   2          }
  15   1          else
  16   1          {
  17   2            mem = false;
  18   2            return false;
  19   2          } 
  20   1      }
  21          
  22          bit rTrig(bit target)
  23          {
  24   1          static bit mem;
  25   1          if(target == true && mem == false)
  26   1          {
  27   2            mem = true;
  28   2            return true;
  29   2          }
  30   1          else if(target == true && mem == true)
  31   1          {
  32   2            return false;
  33   2          }
  34   1          else
  35   1          {
  36   2            mem = false;
  37   2            return false;
  38   2          }   
  39   1      }
*** WARNING C230 IN LINE 39 OF utilities.c: 'stSotPayloadIn': uses undefined struct/union tag 'ST_SotPayload'
*** WARNING C230 IN LINE 39 OF utilities.c: 'stSotPayloadOut': uses undefined struct/union tag 'ST_SotPayload'
*** WARNING C230 IN LINE 39 OF utilities.c: 'stEmptyPayload': uses undefined struct/union tag 'ST_SotPayload'


MODULE INFORMATION:   STATIC OVERLAYABLE
   CODE SIZE        =     44    ----
   CONSTANT SIZE    =   ----    ----
   XDATA SIZE       =   ----    ----
   PDATA SIZE       =   ----    ----
   DATA SIZE        =   ----    ----
   IDATA SIZE       =   ----    ----
   BIT SIZE         =      2       2
END OF MODULE INFORMATION.


C51 COMPILATION COMPLETE.  3 WARNING(S),  0 ERROR(S)
